<?xml version="1.0" encoding="UTF-8"?>
<!-- Generated by org.testng.reporters.JUnitReportReporter -->
<testsuite hostname="Shrenis-iMac.local" failures="0" tests="1" name="com.endclothing.automation.tests.SearchProductsPageTest" time="34.538" errors="0" timestamp="2020-08-14T05:05:30 BST" skipped="0">
  <testcase classname="com.endclothing.automation.tests.SearchProductsPageTest" name="verifyTwoShirtsAddedToCartAndCartTotal" time="34.538"/>
</testsuite> <!-- com.endclothing.automation.tests.SearchProductsPageTest -->
