<?xml version="1.0" encoding="UTF-8"?>
<!-- Generated by org.testng.reporters.JUnitReportReporter -->
<testsuite hostname="Shrenis-iMac.local" failures="0" tests="1" name="com.endclothing.automation.tests.ClothingPageTest" time="11.597" errors="0" timestamp="2020-08-14T01:37:23 BST" skipped="0">
  <testcase classname="com.endclothing.automation.tests.ClothingPageTest" name="verifyShirtsFilterAndProductCountTest" time="11.597"/>
</testsuite> <!-- com.endclothing.automation.tests.ClothingPageTest -->
